2021-06-17 13:20:12,729 INFO Starting Nacos v1.1.3 on M705CV08-Win10 with PID 12096 (D:\Source Code\gulimail\nacos-server-1.1.3\target\nacos-server.jar started by Weikang Hu Admin in D:\Source Code\gulimail\nacos-server-1.1.3\bin)

2021-06-17 13:20:12,746 INFO The following profiles are active: standalone

2021-06-17 13:20:15,759 INFO Bean 'org.springframework.security.config.annotation.configuration.ObjectPostProcessorConfiguration' of type [org.springframework.security.config.annotation.configuration.ObjectPostProcessorConfiguration$$EnhancerBySpringCGLIB$$a89f1aab] is not eligible for getting processed by all BeanPostProcessors (for example: not eligible for auto-proxying)

2021-06-17 13:20:15,946 INFO Bean 'objectPostProcessor' of type [org.springframework.security.config.annotation.configuration.AutowireBeanFactoryObjectPostProcessor] is not eligible for getting processed by all BeanPostProcessors (for example: not eligible for auto-proxying)

2021-06-17 13:20:15,953 INFO Bean 'org.springframework.security.access.expression.method.DefaultMethodSecurityExpressionHandler@3e3f50ef' of type [org.springframework.security.access.expression.method.DefaultMethodSecurityExpressionHandler] is not eligible for getting processed by all BeanPostProcessors (for example: not eligible for auto-proxying)

2021-06-17 13:20:15,956 INFO Bean 'org.springframework.security.config.annotation.method.configuration.GlobalMethodSecurityConfiguration' of type [org.springframework.security.config.annotation.method.configuration.GlobalMethodSecurityConfiguration$$EnhancerBySpringCGLIB$$cd73bd5d] is not eligible for getting processed by all BeanPostProcessors (for example: not eligible for auto-proxying)

2021-06-17 13:20:15,964 INFO Bean 'methodSecurityMetadataSource' of type [org.springframework.security.access.method.DelegatingMethodSecurityMetadataSource] is not eligible for getting processed by all BeanPostProcessors (for example: not eligible for auto-proxying)

2021-06-17 13:20:17,021 INFO Tomcat initialized with port(s): 8848 (http)

2021-06-17 13:20:17,055 INFO Starting service [Tomcat]

2021-06-17 13:20:17,056 INFO Starting Servlet Engine: Apache Tomcat/9.0.13

2021-06-17 13:20:17,074 INFO The APR based Apache Tomcat Native library which allows optimal performance in production environments was not found on the java.library.path: [C:\Program Files\AdoptOpenJDK\jdk-8.0.282.8-openj9\jre\bin\default;C:\Program Files\AdoptOpenJDK\jdk-8.0.282.8-openj9\jre\bin;C:\windows\system32;C:\windows;C:\Program Files\AdoptOpenJDK\jre-8.0.282.8-openj9\bin;C:\Program Files\AdoptOpenJDK\jdk-8.0.282.8-openj9\bin;C:\Program Files (x86)\Common Files\Oracle\Java\javapath;C:\windows\system32;C:\windows;C:\windows\System32\Wbem;C:\windows\System32\WindowsPowerShell\v1.0\;C:\windows\System32\OpenSSH\;C:\Program Files (x86)\Intel\Intel(R) Management Engine Components\DAL;C:\Program Files\Intel\Intel(R) Management Engine Components\DAL;C:\Program Files (x86)\Intel\Intel(R) Management Engine Components\IPT;C:\Program Files\Intel\Intel(R) Management Engine Components\IPT;D:\Program Files\nodejs\;C:\Program Files\mingw-w64\x86_64-8.1.0-posix-seh-rt_v6-rev0\mingw64\bin;C:\Program Files\Git\bin;C:\Program Files\Git\cmd;D:\Programs\mingw64\bin;D:\Programs\Vagrant\bin;C:\Program Files\AdoptOpenJDK\jdk-8.0.282.8-openj9\bin;C:\Program Files\AdoptOpenJDK\jdk-8.0.282.8-openj9\jre\bin;D:\Source Code\apache-maven-3.8.1\bin;C:\Users\Weikang Hu Admin\AppData\Local\Microsoft\WindowsApps;D:\Programs\Microsoft VS Code\bin;C:\Users\Weikang Hu Admin\AppData\Roaming\npm;.]

2021-06-17 13:20:17,277 INFO Initializing Spring embedded WebApplicationContext

2021-06-17 13:20:17,277 INFO Root WebApplicationContext: initialization completed in 4402 ms

2021-06-17 13:20:20,735 INFO Use Mysql as the driver

2021-06-17 13:20:21,278 INFO Initializing ExecutorService 'applicationTaskExecutor'

2021-06-17 13:20:21,529 INFO Adding welcome page: class path resource [static/index.html]

2021-06-17 13:20:22,301 INFO Creating filter chain: Ant [pattern='/'], []

2021-06-17 13:20:22,302 INFO Creating filter chain: Ant [pattern='/**/*.css'], []

2021-06-17 13:20:22,304 INFO Creating filter chain: Ant [pattern='/**/*.js'], []

2021-06-17 13:20:22,305 INFO Creating filter chain: Ant [pattern='/**/*.html'], []

2021-06-17 13:20:22,308 INFO Creating filter chain: Ant [pattern='/**/*.map'], []

2021-06-17 13:20:22,309 INFO Creating filter chain: Ant [pattern='/**/*.svg'], []

2021-06-17 13:20:22,311 INFO Creating filter chain: Ant [pattern='/**/*.png'], []

2021-06-17 13:20:22,314 INFO Creating filter chain: Ant [pattern='/**/*.ico'], []

2021-06-17 13:20:22,315 INFO Creating filter chain: Ant [pattern='/console-fe/public/**'], []

2021-06-17 13:20:22,318 INFO Creating filter chain: Ant [pattern='/v1/auth/login'], []

2021-06-17 13:20:22,320 INFO Creating filter chain: Ant [pattern='/v1/console/health/**'], []

2021-06-17 13:20:22,321 INFO Creating filter chain: Ant [pattern='/v1/cs/**'], []

2021-06-17 13:20:22,324 INFO Creating filter chain: Ant [pattern='/v1/ns/**'], []

2021-06-17 13:20:22,325 INFO Creating filter chain: Ant [pattern='/v1/cmdb/**'], []

2021-06-17 13:20:22,325 INFO Creating filter chain: Ant [pattern='/actuator/**'], []

2021-06-17 13:20:22,327 INFO Creating filter chain: Ant [pattern='/v1/console/server/**'], []

2021-06-17 13:20:22,471 INFO Creating filter chain: any request, [org.springframework.security.web.context.request.async.WebAsyncManagerIntegrationFilter@7c230b87, org.springframework.security.web.context.SecurityContextPersistenceFilter@84eedabb, org.springframework.security.web.header.HeaderWriterFilter@8cfd885b, org.springframework.security.web.authentication.logout.LogoutFilter@7c575fbc, com.alibaba.nacos.console.filter.JwtAuthenticationTokenFilter@382513cc, org.springframework.security.web.savedrequest.RequestCacheAwareFilter@3373e85c, org.springframework.security.web.servletapi.SecurityContextHolderAwareRequestFilter@b85d3059, org.springframework.security.web.authentication.AnonymousAuthenticationFilter@525e7d3b, org.springframework.security.web.session.SessionManagementFilter@aa5eb60d, org.springframework.security.web.access.ExceptionTranslationFilter@95dcec6e, org.springframework.security.web.access.intercept.FilterSecurityInterceptor@fc7b9d7]

2021-06-17 13:20:22,526 INFO Exposing 2 endpoint(s) beneath base path '/actuator'

2021-06-17 13:20:22,569 INFO Initializing ExecutorService 'taskScheduler'

2021-06-17 13:20:22,712 INFO Tomcat started on port(s): 8848 (http) with context path '/nacos'

2021-06-17 13:20:22,720 INFO Started Nacos in 148.408 seconds (JVM running for 149.18)

2021-06-17 13:20:22,720 INFO Nacos Log files: D:\Source Code\gulimail\nacos-server-1.1.3/logs/

2021-06-17 13:20:22,720 INFO Nacos Conf files: D:\Source Code\gulimail\nacos-server-1.1.3/conf/

2021-06-17 13:20:22,721 INFO Nacos Data files: D:\Source Code\gulimail\nacos-server-1.1.3/data/

2021-06-17 13:20:22,721 INFO Nacos started successfully in stand alone mode.

2021-06-17 13:20:25,574 INFO Initializing Spring DispatcherServlet 'dispatcherServlet'

2021-06-17 13:20:25,574 INFO Initializing Servlet 'dispatcherServlet'

2021-06-17 13:20:25,586 INFO Completed initialization in 12 ms

2021-06-17 13:30:20,364 INFO [capacityManagement] start correct usage

2021-06-17 13:30:20,481 INFO [capacityManagement] end correct usage, cost: 0s

2021-06-17 13:30:20,724 WARN clearConfigHistory start

2021-06-17 13:33:28,546 INFO Expired JWT token.

2021-06-17 13:33:28,574 ERROR Responding with unauthorized error. Message - Full authentication is required to access this resource

2021-06-17 13:40:20,484 INFO [capacityManagement] start correct usage

2021-06-17 13:40:20,485 INFO [capacityManagement] end correct usage, cost: 0s

2021-06-17 13:40:20,750 WARN clearConfigHistory start

2021-06-17 13:50:20,486 INFO [capacityManagement] start correct usage

2021-06-17 13:50:20,487 INFO [capacityManagement] end correct usage, cost: 0s

2021-06-17 13:50:20,752 WARN clearConfigHistory start

2021-06-17 14:00:20,487 INFO [capacityManagement] start correct usage

2021-06-17 14:00:20,488 INFO [capacityManagement] end correct usage, cost: 0s

2021-06-17 14:00:20,755 WARN clearConfigHistory start

2021-06-17 14:10:20,491 INFO [capacityManagement] start correct usage

2021-06-17 14:10:20,492 INFO [capacityManagement] end correct usage, cost: 0s

2021-06-17 14:10:20,757 WARN clearConfigHistory start

2021-06-17 14:20:20,493 INFO [capacityManagement] start correct usage

2021-06-17 14:20:20,494 INFO [capacityManagement] end correct usage, cost: 0s

2021-06-17 14:20:20,759 WARN clearConfigHistory start

2021-06-17 14:30:20,495 INFO [capacityManagement] start correct usage

2021-06-17 14:30:20,496 INFO [capacityManagement] end correct usage, cost: 0s

2021-06-17 14:30:20,760 WARN clearConfigHistory start

2021-06-17 14:40:20,497 INFO [capacityManagement] start correct usage

2021-06-17 14:40:20,499 INFO [capacityManagement] end correct usage, cost: 0s

2021-06-17 14:40:20,762 WARN clearConfigHistory start

2021-06-17 14:50:20,502 INFO [capacityManagement] start correct usage

2021-06-17 14:50:20,502 INFO [capacityManagement] end correct usage, cost: 0s

2021-06-17 14:50:20,766 WARN clearConfigHistory start

2021-06-17 15:00:20,504 INFO [capacityManagement] start correct usage

2021-06-17 15:00:20,506 INFO [capacityManagement] end correct usage, cost: 0s

2021-06-17 15:00:20,768 WARN clearConfigHistory start

2021-06-17 15:10:20,507 INFO [capacityManagement] start correct usage

2021-06-17 15:10:20,508 INFO [capacityManagement] end correct usage, cost: 0s

2021-06-17 15:10:20,771 WARN clearConfigHistory start

2021-06-17 15:20:20,510 INFO [capacityManagement] start correct usage

2021-06-17 15:20:20,511 INFO [capacityManagement] end correct usage, cost: 0s

2021-06-17 15:20:20,774 WARN clearConfigHistory start

2021-06-17 15:30:20,512 INFO [capacityManagement] start correct usage

2021-06-17 15:30:20,513 INFO [capacityManagement] end correct usage, cost: 0s

2021-06-17 15:30:20,777 WARN clearConfigHistory start

2021-06-17 15:40:20,513 INFO [capacityManagement] start correct usage

2021-06-17 15:40:20,514 INFO [capacityManagement] end correct usage, cost: 0s

2021-06-17 15:40:20,779 WARN clearConfigHistory start

2021-06-17 15:50:20,518 INFO [capacityManagement] start correct usage

2021-06-17 15:50:20,546 INFO [capacityManagement] end correct usage, cost: 0s

2021-06-17 15:50:20,781 WARN clearConfigHistory start

2021-06-17 16:00:20,548 INFO [capacityManagement] start correct usage

2021-06-17 16:00:20,550 INFO [capacityManagement] end correct usage, cost: 0s

2021-06-17 16:00:20,784 WARN clearConfigHistory start

2021-06-17 16:10:20,550 INFO [capacityManagement] start correct usage

2021-06-17 16:10:20,551 INFO [capacityManagement] end correct usage, cost: 0s

2021-06-17 16:10:20,788 WARN clearConfigHistory start

2021-06-17 16:20:20,552 INFO [capacityManagement] start correct usage

2021-06-17 16:20:20,553 INFO [capacityManagement] end correct usage, cost: 0s

2021-06-17 16:20:20,791 WARN clearConfigHistory start

2021-06-17 16:30:20,553 INFO [capacityManagement] start correct usage

2021-06-17 16:30:20,554 INFO [capacityManagement] end correct usage, cost: 0s

2021-06-17 16:30:20,793 WARN clearConfigHistory start

2021-06-17 16:40:20,555 INFO [capacityManagement] start correct usage

2021-06-17 16:40:20,556 INFO [capacityManagement] end correct usage, cost: 0s

2021-06-17 16:40:20,795 WARN clearConfigHistory start

2021-06-17 16:50:20,558 INFO [capacityManagement] start correct usage

2021-06-17 16:50:20,559 INFO [capacityManagement] end correct usage, cost: 0s

2021-06-17 16:50:20,797 WARN clearConfigHistory start

