2021-06-17 13:20:50,746 INFO PERFORMANCE:|0|0|-1|-1

2021-06-17 13:25:50,797 INFO PERFORMANCE:|2|2|-1|-1

2021-06-17 13:30:50,797 INFO PERFORMANCE:|3|3|-1|-1

2021-06-17 13:35:50,798 INFO PERFORMANCE:|3|3|-1|-1

2021-06-17 13:40:50,799 INFO PERFORMANCE:|3|3|-1|-1

2021-06-17 13:45:50,800 INFO PERFORMANCE:|3|3|-1|-1

2021-06-17 13:50:50,800 INFO PERFORMANCE:|3|3|-1|-1

2021-06-17 13:55:50,800 INFO PERFORMANCE:|3|3|-1|-1

2021-06-17 14:00:50,801 INFO PERFORMANCE:|3|3|-1|-1

2021-06-17 14:05:50,801 INFO PERFORMANCE:|3|3|-1|-1

2021-06-17 14:10:50,802 INFO PERFORMANCE:|3|3|-1|-1

2021-06-17 14:15:50,803 INFO PERFORMANCE:|3|3|-1|-1

2021-06-17 14:20:50,803 INFO PERFORMANCE:|3|3|-1|-1

2021-06-17 14:25:50,805 INFO PERFORMANCE:|3|3|-1|-1

2021-06-17 14:30:50,808 INFO PERFORMANCE:|3|3|-1|-1

2021-06-17 14:35:50,808 INFO PERFORMANCE:|3|3|-1|-1

2021-06-17 14:40:50,809 INFO PERFORMANCE:|3|3|-1|-1

2021-06-17 14:45:50,811 INFO PERFORMANCE:|3|3|-1|-1

2021-06-17 14:50:50,812 INFO PERFORMANCE:|3|3|-1|-1

2021-06-17 14:55:50,813 INFO PERFORMANCE:|3|3|-1|-1

2021-06-17 15:00:50,814 INFO PERFORMANCE:|3|3|-1|-1

2021-06-17 15:05:50,815 INFO PERFORMANCE:|3|3|-1|-1

2021-06-17 15:10:50,817 INFO PERFORMANCE:|3|3|-1|-1

2021-06-17 15:15:50,818 INFO PERFORMANCE:|3|3|-1|-1

2021-06-17 15:20:50,818 INFO PERFORMANCE:|3|3|-1|-1

2021-06-17 15:25:50,819 INFO PERFORMANCE:|3|3|-1|-1

2021-06-17 15:30:50,822 INFO PERFORMANCE:|3|3|-1|-1

2021-06-17 15:35:50,823 INFO PERFORMANCE:|3|3|-1|-1

2021-06-17 15:40:50,824 INFO PERFORMANCE:|3|3|-1|-1

2021-06-17 15:45:50,825 INFO PERFORMANCE:|3|3|-1|-1

2021-06-17 15:50:50,826 INFO PERFORMANCE:|3|3|-1|-1

2021-06-17 15:55:50,827 INFO PERFORMANCE:|3|3|-1|-1

2021-06-17 16:00:50,827 INFO PERFORMANCE:|3|3|-1|-1

2021-06-17 16:05:50,831 INFO PERFORMANCE:|3|3|-1|-1

2021-06-17 16:10:50,831 INFO PERFORMANCE:|3|3|-1|-1

2021-06-17 16:15:50,832 INFO PERFORMANCE:|3|3|-1|-1

2021-06-17 16:20:50,832 INFO PERFORMANCE:|3|3|-1|-1

2021-06-17 16:25:50,833 INFO PERFORMANCE:|3|3|-1|-1

2021-06-17 16:30:50,833 INFO PERFORMANCE:|3|3|-1|-1

2021-06-17 16:35:50,834 INFO PERFORMANCE:|3|3|-1|-1

2021-06-17 16:40:50,834 INFO PERFORMANCE:|3|3|-1|-1

2021-06-17 16:45:50,835 INFO PERFORMANCE:|3|3|-1|-1

2021-06-17 16:50:50,836 INFO PERFORMANCE:|3|3|-1|-1

